<?xml version="1.0" encoding="UTF-8"?>
<!-- Generated by org.testng.reporters.JUnitXMLReporter -->
<testsuite ignored="0" hostname="Arathi––Madhu" failures="0" tests="18" name="Test" time="121.356" errors="0" timestamp="2026-03-25T21:02:23 IST">
  <testcase classname="testclasses.LoginTest" name="loginTest1" time="1.015"/>
  <testcase classname="testclasses.LoginTest" name="loginTest2" time="0.901"/>
  <testcase classname="testclasses.LoginTest" name="loginTest3" time="0.723"/>
  <testcase classname="testclasses.LoginTest" name="invalidLoginTest" time="2.844"/>
  <testcase classname="testclasses.LoginTest" name="blankInputs" time="1.385"/>
  <testcase classname="testclasses.CheckoutTest" name="checkoutTestWithZipCode" time="9.577"/>
  <testcase classname="testclasses.CheckoutTest" name="checkoutWithoutZipCodeTest" time="7.429"/>
  <testcase classname="testclasses.CartTest" name="verifyProductAddedToCart" time="0.427"/>
  <testcase classname="testclasses.CartTest" name="verifyProductDisplayedInCart" time="1.232"/>
  <testcase classname="testclasses.CartTest" name="verifyRemoveProductFromCart" time="10.708"/>
  <testcase classname="testclasses.CartTest" name="verifyCheckoutButton" time="1.067"/>
  <testcase classname="testclasses.ProductModuleTest" name="verifyAddToCartButtonDisplayed" time="2.383"/>
  <testcase classname="testclasses.ProductModuleTest" name="verifyMultipleProductsAddedToCart" time="2.543"/>
  <testcase classname="testclasses.ProductModuleTest" name="verifyProductAddedToCart" time="2.047"/>
  <testcase classname="testclasses.ProductModuleTest" name="verifyProductImageDisplayed" time="1.765"/>
  <testcase classname="testclasses.ProductModuleTest" name="verifyProductPageOpens" time="1.989"/>
  <testcase classname="testclasses.ProductModuleTest" name="verifyProductPriceDisplayed" time="1.724"/>
  <testcase classname="testclasses.ProductModuleTest" name="verifyProductTitleDisplayed" time="1.859"/>
</testsuite> <!-- Test -->
