<?xml version="1.0" encoding="UTF-8"?>
<testng-results ignored="0" total="18" passed="18" failed="0" skipped="0">
  <reporter-output>
  </reporter-output>
  <suite started-at="2026-03-25T21:00:22 IST" name="Suite" finished-at="2026-03-25T21:02:23 IST" duration-ms="121356">
    <groups>
    </groups>
    <test started-at="2026-03-25T21:00:22 IST" name="Test" finished-at="2026-03-25T21:02:23 IST" duration-ms="121356">
      <class name="testclasses.CartTest">
        <test-method is-config="true" signature="setup()[pri:0, instance:testclasses.CartTest@5542c4ed]" started-at="2026-03-25T21:01:04 IST" name="setup" finished-at="2026-03-25T21:01:05 IST" duration-ms="1546" status="PASS">
          <reporter-output>
          </reporter-output>
        </test-method> <!-- setup -->
        <test-method is-config="true" signature="validLogin()[pri:0, instance:testclasses.CartTest@5542c4ed]" started-at="2026-03-25T21:01:05 IST" name="validLogin" finished-at="2026-03-25T21:01:09 IST" duration-ms="3549" status="PASS">
          <reporter-output>
          </reporter-output>
        </test-method> <!-- validLogin -->
        <test-method signature="verifyProductAddedToCart()[pri:1, instance:testclasses.CartTest@5542c4ed]" started-at="2026-03-25T21:01:09 IST" name="verifyProductAddedToCart" finished-at="2026-03-25T21:01:09 IST" duration-ms="427" status="PASS">
          <reporter-output>
          </reporter-output>
        </test-method> <!-- verifyProductAddedToCart -->
        <test-method is-config="true" signature="teardown()[pri:0, instance:testclasses.CartTest@5542c4ed]" started-at="2026-03-25T21:01:09 IST" name="teardown" finished-at="2026-03-25T21:01:10 IST" duration-ms="533" status="PASS">
          <reporter-output>
          </reporter-output>
        </test-method> <!-- teardown -->
        <test-method is-config="true" signature="setup()[pri:0, instance:testclasses.CartTest@5542c4ed]" started-at="2026-03-25T21:01:10 IST" name="setup" finished-at="2026-03-25T21:01:12 IST" duration-ms="2153" status="PASS">
          <reporter-output>
          </reporter-output>
        </test-method> <!-- setup -->
        <test-method is-config="true" signature="validLogin()[pri:0, instance:testclasses.CartTest@5542c4ed]" started-at="2026-03-25T21:01:12 IST" name="validLogin" finished-at="2026-03-25T21:01:19 IST" duration-ms="6501" status="PASS">
          <reporter-output>
          </reporter-output>
        </test-method> <!-- validLogin -->
        <test-method signature="verifyProductDisplayedInCart()[pri:2, instance:testclasses.CartTest@5542c4ed]" started-at="2026-03-25T21:01:19 IST" name="verifyProductDisplayedInCart" finished-at="2026-03-25T21:01:20 IST" duration-ms="1232" status="PASS">
          <reporter-output>
          </reporter-output>
        </test-method> <!-- verifyProductDisplayedInCart -->
        <test-method is-config="true" signature="teardown()[pri:0, instance:testclasses.CartTest@5542c4ed]" started-at="2026-03-25T21:01:20 IST" name="teardown" finished-at="2026-03-25T21:01:20 IST" duration-ms="646" status="PASS">
          <reporter-output>
          </reporter-output>
        </test-method> <!-- teardown -->
        <test-method is-config="true" signature="setup()[pri:0, instance:testclasses.CartTest@5542c4ed]" started-at="2026-03-25T21:01:21 IST" name="setup" finished-at="2026-03-25T21:01:22 IST" duration-ms="1404" status="PASS">
          <reporter-output>
          </reporter-output>
        </test-method> <!-- setup -->
        <test-method is-config="true" signature="validLogin()[pri:0, instance:testclasses.CartTest@5542c4ed]" started-at="2026-03-25T21:01:22 IST" name="validLogin" finished-at="2026-03-25T21:01:25 IST" duration-ms="3311" status="PASS">
          <reporter-output>
          </reporter-output>
        </test-method> <!-- validLogin -->
        <test-method signature="verifyRemoveProductFromCart()[pri:3, instance:testclasses.CartTest@5542c4ed]" started-at="2026-03-25T21:01:25 IST" name="verifyRemoveProductFromCart" finished-at="2026-03-25T21:01:36 IST" duration-ms="10708" status="PASS">
          <reporter-output>
          </reporter-output>
        </test-method> <!-- verifyRemoveProductFromCart -->
        <test-method is-config="true" signature="teardown()[pri:0, instance:testclasses.CartTest@5542c4ed]" started-at="2026-03-25T21:01:36 IST" name="teardown" finished-at="2026-03-25T21:01:37 IST" duration-ms="683" status="PASS">
          <reporter-output>
          </reporter-output>
        </test-method> <!-- teardown -->
        <test-method is-config="true" signature="setup()[pri:0, instance:testclasses.CartTest@5542c4ed]" started-at="2026-03-25T21:01:37 IST" name="setup" finished-at="2026-03-25T21:01:39 IST" duration-ms="1944" status="PASS">
          <reporter-output>
          </reporter-output>
        </test-method> <!-- setup -->
        <test-method is-config="true" signature="validLogin()[pri:0, instance:testclasses.CartTest@5542c4ed]" started-at="2026-03-25T21:01:39 IST" name="validLogin" finished-at="2026-03-25T21:01:42 IST" duration-ms="3060" status="PASS">
          <reporter-output>
          </reporter-output>
        </test-method> <!-- validLogin -->
        <test-method signature="verifyCheckoutButton()[pri:4, instance:testclasses.CartTest@5542c4ed]" started-at="2026-03-25T21:01:42 IST" name="verifyCheckoutButton" finished-at="2026-03-25T21:01:43 IST" duration-ms="1067" status="PASS">
          <reporter-output>
          </reporter-output>
        </test-method> <!-- verifyCheckoutButton -->
        <test-method is-config="true" signature="teardown()[pri:0, instance:testclasses.CartTest@5542c4ed]" started-at="2026-03-25T21:01:43 IST" name="teardown" finished-at="2026-03-25T21:01:43 IST" duration-ms="579" status="PASS">
          <reporter-output>
          </reporter-output>
        </test-method> <!-- teardown -->
      </class> <!-- testclasses.CartTest -->
      <class name="testclasses.CheckoutTest">
        <test-method is-config="true" signature="setup()[pri:0, instance:testclasses.CheckoutTest@815b41f]" started-at="2026-03-25T21:00:43 IST" name="setup" finished-at="2026-03-25T21:00:44 IST" duration-ms="1617" status="PASS">
          <reporter-output>
          </reporter-output>
        </test-method> <!-- setup -->
        <test-method signature="checkoutTestWithZipCode()[pri:0, instance:testclasses.CheckoutTest@815b41f]" started-at="2026-03-25T21:00:44 IST" name="checkoutTestWithZipCode" finished-at="2026-03-25T21:00:54 IST" duration-ms="9577" status="PASS">
          <reporter-output>
          </reporter-output>
        </test-method> <!-- checkoutTestWithZipCode -->
        <test-method is-config="true" signature="teardown()[pri:0, instance:testclasses.CheckoutTest@815b41f]" started-at="2026-03-25T21:00:54 IST" name="teardown" finished-at="2026-03-25T21:00:55 IST" duration-ms="523" status="PASS">
          <reporter-output>
          </reporter-output>
        </test-method> <!-- teardown -->
        <test-method is-config="true" signature="setup()[pri:0, instance:testclasses.CheckoutTest@815b41f]" started-at="2026-03-25T21:00:55 IST" name="setup" finished-at="2026-03-25T21:00:56 IST" duration-ms="1302" status="PASS">
          <reporter-output>
          </reporter-output>
        </test-method> <!-- setup -->
        <test-method signature="checkoutWithoutZipCodeTest()[pri:0, instance:testclasses.CheckoutTest@815b41f]" started-at="2026-03-25T21:00:56 IST" name="checkoutWithoutZipCodeTest" finished-at="2026-03-25T21:01:03 IST" duration-ms="7429" status="PASS">
          <reporter-output>
          </reporter-output>
        </test-method> <!-- checkoutWithoutZipCodeTest -->
        <test-method is-config="true" signature="teardown()[pri:0, instance:testclasses.CheckoutTest@815b41f]" started-at="2026-03-25T21:01:03 IST" name="teardown" finished-at="2026-03-25T21:01:04 IST" duration-ms="598" status="PASS">
          <reporter-output>
          </reporter-output>
        </test-method> <!-- teardown -->
      </class> <!-- testclasses.CheckoutTest -->
      <class name="testclasses.LoginTest">
        <test-method is-config="true" signature="setup()[pri:0, instance:testclasses.LoginTest@5656be13]" started-at="2026-03-25T21:00:22 IST" name="setup" finished-at="2026-03-25T21:00:24 IST" duration-ms="2729" status="PASS">
          <reporter-output>
          </reporter-output>
        </test-method> <!-- setup -->
        <test-method signature="loginTest1()[pri:1, instance:testclasses.LoginTest@5656be13]" started-at="2026-03-25T21:00:24 IST" name="loginTest1" finished-at="2026-03-25T21:00:26 IST" duration-ms="1015" status="PASS">
          <reporter-output>
          </reporter-output>
        </test-method> <!-- loginTest1 -->
        <test-method is-config="true" signature="teardown()[pri:0, instance:testclasses.LoginTest@5656be13]" started-at="2026-03-25T21:00:26 IST" name="teardown" finished-at="2026-03-25T21:00:26 IST" duration-ms="563" status="PASS">
          <reporter-output>
          </reporter-output>
        </test-method> <!-- teardown -->
        <test-method is-config="true" signature="setup()[pri:0, instance:testclasses.LoginTest@5656be13]" started-at="2026-03-25T21:00:26 IST" name="setup" finished-at="2026-03-25T21:00:30 IST" duration-ms="3638" status="PASS">
          <reporter-output>
          </reporter-output>
        </test-method> <!-- setup -->
        <test-method signature="loginTest2()[pri:2, instance:testclasses.LoginTest@5656be13]" started-at="2026-03-25T21:00:30 IST" name="loginTest2" finished-at="2026-03-25T21:00:31 IST" duration-ms="901" status="PASS">
          <reporter-output>
          </reporter-output>
        </test-method> <!-- loginTest2 -->
        <test-method is-config="true" signature="teardown()[pri:0, instance:testclasses.LoginTest@5656be13]" started-at="2026-03-25T21:00:31 IST" name="teardown" finished-at="2026-03-25T21:00:31 IST" duration-ms="618" status="PASS">
          <reporter-output>
          </reporter-output>
        </test-method> <!-- teardown -->
        <test-method is-config="true" signature="setup()[pri:0, instance:testclasses.LoginTest@5656be13]" started-at="2026-03-25T21:00:31 IST" name="setup" finished-at="2026-03-25T21:00:33 IST" duration-ms="1918" status="PASS">
          <reporter-output>
          </reporter-output>
        </test-method> <!-- setup -->
        <test-method signature="loginTest3()[pri:3, instance:testclasses.LoginTest@5656be13]" started-at="2026-03-25T21:00:33 IST" name="loginTest3" finished-at="2026-03-25T21:00:34 IST" duration-ms="723" status="PASS">
          <reporter-output>
          </reporter-output>
        </test-method> <!-- loginTest3 -->
        <test-method is-config="true" signature="teardown()[pri:0, instance:testclasses.LoginTest@5656be13]" started-at="2026-03-25T21:00:34 IST" name="teardown" finished-at="2026-03-25T21:00:34 IST" duration-ms="433" status="PASS">
          <reporter-output>
          </reporter-output>
        </test-method> <!-- teardown -->
        <test-method is-config="true" signature="setup()[pri:0, instance:testclasses.LoginTest@5656be13]" started-at="2026-03-25T21:00:34 IST" name="setup" finished-at="2026-03-25T21:00:36 IST" duration-ms="1857" status="PASS">
          <reporter-output>
          </reporter-output>
        </test-method> <!-- setup -->
        <test-method signature="invalidLoginTest()[pri:4, instance:testclasses.LoginTest@5656be13]" started-at="2026-03-25T21:00:36 IST" name="invalidLoginTest" finished-at="2026-03-25T21:00:39 IST" duration-ms="2844" status="PASS">
          <reporter-output>
          </reporter-output>
        </test-method> <!-- invalidLoginTest -->
        <test-method is-config="true" signature="teardown()[pri:0, instance:testclasses.LoginTest@5656be13]" started-at="2026-03-25T21:00:39 IST" name="teardown" finished-at="2026-03-25T21:00:40 IST" duration-ms="480" status="PASS">
          <reporter-output>
          </reporter-output>
        </test-method> <!-- teardown -->
        <test-method is-config="true" signature="setup()[pri:0, instance:testclasses.LoginTest@5656be13]" started-at="2026-03-25T21:00:40 IST" name="setup" finished-at="2026-03-25T21:00:41 IST" duration-ms="1451" status="PASS">
          <reporter-output>
          </reporter-output>
        </test-method> <!-- setup -->
        <test-method signature="blankInputs()[pri:5, instance:testclasses.LoginTest@5656be13]" started-at="2026-03-25T21:00:41 IST" name="blankInputs" finished-at="2026-03-25T21:00:42 IST" duration-ms="1385" status="PASS">
          <reporter-output>
          </reporter-output>
        </test-method> <!-- blankInputs -->
        <test-method is-config="true" signature="teardown()[pri:0, instance:testclasses.LoginTest@5656be13]" started-at="2026-03-25T21:00:42 IST" name="teardown" finished-at="2026-03-25T21:00:43 IST" duration-ms="486" status="PASS">
          <reporter-output>
          </reporter-output>
        </test-method> <!-- teardown -->
      </class> <!-- testclasses.LoginTest -->
      <class name="testclasses.ProductModuleTest">
        <test-method is-config="true" signature="setup()[pri:0, instance:testclasses.ProductModuleTest@3b0090a4]" started-at="2026-03-25T21:01:43 IST" name="setup" finished-at="2026-03-25T21:01:46 IST" duration-ms="2598" status="PASS">
          <reporter-output>
          </reporter-output>
        </test-method> <!-- setup -->
        <test-method is-config="true" signature="verifyLoginPageOpens()[pri:0, instance:testclasses.ProductModuleTest@3b0090a4]" started-at="2026-03-25T21:01:46 IST" name="verifyLoginPageOpens" finished-at="2026-03-25T21:01:48 IST" duration-ms="1873" status="PASS">
          <reporter-output>
          </reporter-output>
        </test-method> <!-- verifyLoginPageOpens -->
        <test-method signature="verifyAddToCartButtonDisplayed()[pri:0, instance:testclasses.ProductModuleTest@3b0090a4]" started-at="2026-03-25T21:01:48 IST" name="verifyAddToCartButtonDisplayed" finished-at="2026-03-25T21:01:50 IST" duration-ms="2383" status="PASS">
          <reporter-output>
          </reporter-output>
        </test-method> <!-- verifyAddToCartButtonDisplayed -->
        <test-method is-config="true" signature="teardown()[pri:0, instance:testclasses.ProductModuleTest@3b0090a4]" started-at="2026-03-25T21:01:50 IST" name="teardown" finished-at="2026-03-25T21:01:51 IST" duration-ms="477" status="PASS">
          <reporter-output>
          </reporter-output>
        </test-method> <!-- teardown -->
        <test-method is-config="true" signature="setup()[pri:0, instance:testclasses.ProductModuleTest@3b0090a4]" started-at="2026-03-25T21:01:51 IST" name="setup" finished-at="2026-03-25T21:01:52 IST" duration-ms="1337" status="PASS">
          <reporter-output>
          </reporter-output>
        </test-method> <!-- setup -->
        <test-method is-config="true" signature="verifyLoginPageOpens()[pri:0, instance:testclasses.ProductModuleTest@3b0090a4]" started-at="2026-03-25T21:01:52 IST" name="verifyLoginPageOpens" finished-at="2026-03-25T21:01:53 IST" duration-ms="1465" status="PASS">
          <reporter-output>
          </reporter-output>
        </test-method> <!-- verifyLoginPageOpens -->
        <test-method signature="verifyMultipleProductsAddedToCart()[pri:0, instance:testclasses.ProductModuleTest@3b0090a4]" started-at="2026-03-25T21:01:53 IST" name="verifyMultipleProductsAddedToCart" finished-at="2026-03-25T21:01:56 IST" duration-ms="2543" status="PASS">
          <reporter-output>
          </reporter-output>
        </test-method> <!-- verifyMultipleProductsAddedToCart -->
        <test-method is-config="true" signature="teardown()[pri:0, instance:testclasses.ProductModuleTest@3b0090a4]" started-at="2026-03-25T21:01:56 IST" name="teardown" finished-at="2026-03-25T21:01:56 IST" duration-ms="511" status="PASS">
          <reporter-output>
          </reporter-output>
        </test-method> <!-- teardown -->
        <test-method is-config="true" signature="setup()[pri:0, instance:testclasses.ProductModuleTest@3b0090a4]" started-at="2026-03-25T21:01:56 IST" name="setup" finished-at="2026-03-25T21:01:58 IST" duration-ms="1967" status="PASS">
          <reporter-output>
          </reporter-output>
        </test-method> <!-- setup -->
        <test-method is-config="true" signature="verifyLoginPageOpens()[pri:0, instance:testclasses.ProductModuleTest@3b0090a4]" started-at="2026-03-25T21:01:58 IST" name="verifyLoginPageOpens" finished-at="2026-03-25T21:02:00 IST" duration-ms="1802" status="PASS">
          <reporter-output>
          </reporter-output>
        </test-method> <!-- verifyLoginPageOpens -->
        <test-method signature="verifyProductAddedToCart()[pri:0, instance:testclasses.ProductModuleTest@3b0090a4]" started-at="2026-03-25T21:02:00 IST" name="verifyProductAddedToCart" finished-at="2026-03-25T21:02:02 IST" duration-ms="2047" status="PASS">
          <reporter-output>
          </reporter-output>
        </test-method> <!-- verifyProductAddedToCart -->
        <test-method is-config="true" signature="teardown()[pri:0, instance:testclasses.ProductModuleTest@3b0090a4]" started-at="2026-03-25T21:02:02 IST" name="teardown" finished-at="2026-03-25T21:02:03 IST" duration-ms="512" status="PASS">
          <reporter-output>
          </reporter-output>
        </test-method> <!-- teardown -->
        <test-method is-config="true" signature="setup()[pri:0, instance:testclasses.ProductModuleTest@3b0090a4]" started-at="2026-03-25T21:02:03 IST" name="setup" finished-at="2026-03-25T21:02:05 IST" duration-ms="1723" status="PASS">
          <reporter-output>
          </reporter-output>
        </test-method> <!-- setup -->
        <test-method is-config="true" signature="verifyLoginPageOpens()[pri:0, instance:testclasses.ProductModuleTest@3b0090a4]" started-at="2026-03-25T21:02:05 IST" name="verifyLoginPageOpens" finished-at="2026-03-25T21:02:05 IST" duration-ms="813" status="PASS">
          <reporter-output>
          </reporter-output>
        </test-method> <!-- verifyLoginPageOpens -->
        <test-method signature="verifyProductImageDisplayed()[pri:0, instance:testclasses.ProductModuleTest@3b0090a4]" started-at="2026-03-25T21:02:05 IST" name="verifyProductImageDisplayed" finished-at="2026-03-25T21:02:07 IST" duration-ms="1765" status="PASS">
          <reporter-output>
          </reporter-output>
        </test-method> <!-- verifyProductImageDisplayed -->
        <test-method is-config="true" signature="teardown()[pri:0, instance:testclasses.ProductModuleTest@3b0090a4]" started-at="2026-03-25T21:02:07 IST" name="teardown" finished-at="2026-03-25T21:02:08 IST" duration-ms="708" status="PASS">
          <reporter-output>
          </reporter-output>
        </test-method> <!-- teardown -->
        <test-method is-config="true" signature="setup()[pri:0, instance:testclasses.ProductModuleTest@3b0090a4]" started-at="2026-03-25T21:02:08 IST" name="setup" finished-at="2026-03-25T21:02:10 IST" duration-ms="1827" status="PASS">
          <reporter-output>
          </reporter-output>
        </test-method> <!-- setup -->
        <test-method is-config="true" signature="verifyLoginPageOpens()[pri:0, instance:testclasses.ProductModuleTest@3b0090a4]" started-at="2026-03-25T21:02:10 IST" name="verifyLoginPageOpens" finished-at="2026-03-25T21:02:11 IST" duration-ms="945" status="PASS">
          <reporter-output>
          </reporter-output>
        </test-method> <!-- verifyLoginPageOpens -->
        <test-method signature="verifyProductPageOpens()[pri:0, instance:testclasses.ProductModuleTest@3b0090a4]" started-at="2026-03-25T21:02:11 IST" name="verifyProductPageOpens" finished-at="2026-03-25T21:02:13 IST" duration-ms="1989" status="PASS">
          <reporter-output>
          </reporter-output>
        </test-method> <!-- verifyProductPageOpens -->
        <test-method is-config="true" signature="teardown()[pri:0, instance:testclasses.ProductModuleTest@3b0090a4]" started-at="2026-03-25T21:02:13 IST" name="teardown" finished-at="2026-03-25T21:02:13 IST" duration-ms="551" status="PASS">
          <reporter-output>
          </reporter-output>
        </test-method> <!-- teardown -->
        <test-method is-config="true" signature="setup()[pri:0, instance:testclasses.ProductModuleTest@3b0090a4]" started-at="2026-03-25T21:02:13 IST" name="setup" finished-at="2026-03-25T21:02:15 IST" duration-ms="1801" status="PASS">
          <reporter-output>
          </reporter-output>
        </test-method> <!-- setup -->
        <test-method is-config="true" signature="verifyLoginPageOpens()[pri:0, instance:testclasses.ProductModuleTest@3b0090a4]" started-at="2026-03-25T21:02:15 IST" name="verifyLoginPageOpens" finished-at="2026-03-25T21:02:16 IST" duration-ms="733" status="PASS">
          <reporter-output>
          </reporter-output>
        </test-method> <!-- verifyLoginPageOpens -->
        <test-method signature="verifyProductPriceDisplayed()[pri:0, instance:testclasses.ProductModuleTest@3b0090a4]" started-at="2026-03-25T21:02:16 IST" name="verifyProductPriceDisplayed" finished-at="2026-03-25T21:02:17 IST" duration-ms="1724" status="PASS">
          <reporter-output>
          </reporter-output>
        </test-method> <!-- verifyProductPriceDisplayed -->
        <test-method is-config="true" signature="teardown()[pri:0, instance:testclasses.ProductModuleTest@3b0090a4]" started-at="2026-03-25T21:02:17 IST" name="teardown" finished-at="2026-03-25T21:02:18 IST" duration-ms="600" status="PASS">
          <reporter-output>
          </reporter-output>
        </test-method> <!-- teardown -->
        <test-method is-config="true" signature="setup()[pri:0, instance:testclasses.ProductModuleTest@3b0090a4]" started-at="2026-03-25T21:02:18 IST" name="setup" finished-at="2026-03-25T21:02:20 IST" duration-ms="2024" status="PASS">
          <reporter-output>
          </reporter-output>
        </test-method> <!-- setup -->
        <test-method is-config="true" signature="verifyLoginPageOpens()[pri:0, instance:testclasses.ProductModuleTest@3b0090a4]" started-at="2026-03-25T21:02:20 IST" name="verifyLoginPageOpens" finished-at="2026-03-25T21:02:21 IST" duration-ms="715" status="PASS">
          <reporter-output>
          </reporter-output>
        </test-method> <!-- verifyLoginPageOpens -->
        <test-method signature="verifyProductTitleDisplayed()[pri:0, instance:testclasses.ProductModuleTest@3b0090a4]" started-at="2026-03-25T21:02:21 IST" name="verifyProductTitleDisplayed" finished-at="2026-03-25T21:02:23 IST" duration-ms="1859" status="PASS">
          <reporter-output>
          </reporter-output>
        </test-method> <!-- verifyProductTitleDisplayed -->
        <test-method is-config="true" signature="teardown()[pri:0, instance:testclasses.ProductModuleTest@3b0090a4]" started-at="2026-03-25T21:02:23 IST" name="teardown" finished-at="2026-03-25T21:02:23 IST" duration-ms="468" status="PASS">
          <reporter-output>
          </reporter-output>
        </test-method> <!-- teardown -->
      </class> <!-- testclasses.ProductModuleTest -->
    </test> <!-- Test -->
  </suite> <!-- Suite -->
</testng-results>
