<?xml version="1.0" encoding="UTF-8"?>
<!-- Generated by org.testng.reporters.JUnitReportReporter -->
<testsuite hostname="Arathi––Madhu" failures="0" tests="7" name="testclasses.ProductModuleTest" time="39.760" errors="0" timestamp="2026-03-25T21:02:23 IST" skipped="0">
  <testcase classname="testclasses.ProductModuleTest" name="verifyProductTitleDisplayed" time="5.580"/>
  <testcase classname="testclasses.ProductModuleTest" name="verifyProductImageDisplayed" time="5.228"/>
  <testcase classname="testclasses.ProductModuleTest" name="verifyProductAddedToCart" time="5.015"/>
  <testcase classname="testclasses.ProductModuleTest" name="verifyProductPageOpens" time="5.779"/>
  <testcase classname="testclasses.ProductModuleTest" name="verifyMultipleProductsAddedToCart" time="6.277"/>
  <testcase classname="testclasses.ProductModuleTest" name="verifyProductPriceDisplayed" time="4.964"/>
  <testcase classname="testclasses.ProductModuleTest" name="verifyAddToCartButtonDisplayed" time="6.917"/>
</testsuite> <!-- testclasses.ProductModuleTest -->
