<?xml version="1.0" encoding="UTF-8"?>
<!-- Generated by org.testng.reporters.JUnitReportReporter -->
<testsuite hostname="Arathi––Madhu" failures="0" tests="4" name="testclasses.UserLoginTest" time="32.619" errors="0" timestamp="2026-03-25T20:58:53 IST" skipped="0">
  <testcase classname="testclasses.UserLoginTest" name="validLogin" time="6.210"/>
  <testcase classname="testclasses.UserLoginTest" name="testBlankPasswordValidation" time="6.842"/>
  <testcase classname="testclasses.UserLoginTest" name="testInvalidPasswordMessage" time="12.406"/>
  <testcase classname="testclasses.UserLoginTest" name="testBlankEmailValidation" time="7.161"/>
</testsuite> <!-- testclasses.UserLoginTest -->
