<?xml version="1.0" encoding="UTF-8"?>
<!-- Generated by org.testng.reporters.JUnitReportReporter -->
<testsuite hostname="Arathi––Madhu" failures="0" tests="4" name="testclasses.CartTest" time="39.343" errors="0" timestamp="2026-03-25T21:02:23 IST" skipped="0">
  <testcase classname="testclasses.CartTest" name="verifyProductAddedToCart" time="5.913"/>
  <testcase classname="testclasses.CartTest" name="verifyProductDisplayedInCart" time="7.024"/>
  <testcase classname="testclasses.CartTest" name="verifyRemoveProductFromCart" time="19.836"/>
  <testcase classname="testclasses.CartTest" name="verifyCheckoutButton" time="6.570"/>
</testsuite> <!-- testclasses.CartTest -->
