<?xml version="1.0" encoding="UTF-8"?>
<!-- Generated by org.testng.reporters.JUnitReportReporter -->
<testsuite hostname="Arathi––Madhu" failures="0" tests="2" name="testclasses.CheckoutTest" time="21.046" errors="0" timestamp="2026-03-25T21:02:23 IST" skipped="0">
  <testcase classname="testclasses.CheckoutTest" name="checkoutWithoutZipCodeTest" time="9.329"/>
  <testcase classname="testclasses.CheckoutTest" name="checkoutTestWithZipCode" time="11.717"/>
</testsuite> <!-- testclasses.CheckoutTest -->
