<?xml version="1.0" encoding="UTF-8"?>
<!-- Generated by org.testng.reporters.JUnitReportReporter -->
<testsuite hostname="Arathi––Madhu" failures="0" tests="5" name="testclasses.LoginTest" time="21.041" errors="0" timestamp="2026-03-25T21:02:23 IST" skipped="0">
  <testcase classname="testclasses.LoginTest" name="loginTest1" time="4.230"/>
  <testcase classname="testclasses.LoginTest" name="loginTest2" time="3.299"/>
  <testcase classname="testclasses.LoginTest" name="loginTest3" time="4.794"/>
  <testcase classname="testclasses.LoginTest" name="invalidLoginTest" time="4.858"/>
  <testcase classname="testclasses.LoginTest" name="blankInputs" time="3.860"/>
</testsuite> <!-- testclasses.LoginTest -->
